app/build/intermediates/manifest_merge_blame_file/debug/manifest-merger-blame-debug-report.txt
1<?xml version="1.0" encoding="utf-8"?>
2<manifest xmlns:android="http://schemas.android.com/apk/res/android"
3    package="com.sendproperties.ws"
4    android:versionCode="1"
5    android:versionName="1.0" >
6
7    <uses-sdk
8        android:minSdkVersion="8"
8-->src\main\AndroidManifest.xml
9        android:targetSdkVersion="8" />
9-->src\main\AndroidManifest.xml
10
11    <uses-permission android:name="android.permission.PERSISTENT_ACTIVITY" />
11-->src\main\AndroidManifest.xml:7:5-78
11-->src\main\AndroidManifest.xml:7:22-75
12    <uses-permission android:name="android.permission.WRITE_OWNER_DATA" />
12-->src\main\AndroidManifest.xml:8:5-75
12-->src\main\AndroidManifest.xml:8:22-72
13    <uses-permission android:name="android.permission.WRITE_EXTERNAL_STORAGE" />
13-->src\main\AndroidManifest.xml:9:5-80
13-->src\main\AndroidManifest.xml:9:22-78
14    <uses-permission android:name="android.permission.INTERNET" >
14-->src\main\AndroidManifest.xml:38:5-39:23
14-->src\main\AndroidManifest.xml:38:22-64
15    </uses-permission>
16
17    <application
17-->src\main\AndroidManifest.xml:11:5-36:19
18        android:debuggable="true"
19        android:icon="@drawable/logobox"
19-->src\main\AndroidManifest.xml:12:9-41
20        android:label="@string/app_name"
20-->src\main\AndroidManifest.xml:13:9-41
21        android:testOnly="true" >
22        <activity
22-->src\main\AndroidManifest.xml:14:9-22:20
23            android:name="com.sendproperties.ws.Login"
23-->src\main\AndroidManifest.xml:15:13-34
24            android:label="@string/app_name"
24-->src\main\AndroidManifest.xml:17:13-45
25            android:screenOrientation="portrait" >
25-->src\main\AndroidManifest.xml:16:13-49
26            <intent-filter>
26-->src\main\AndroidManifest.xml:18:13-21:29
27                <category android:name="android.intent.category.LAUNCHER" />
27-->src\main\AndroidManifest.xml:19:17-76
27-->src\main\AndroidManifest.xml:19:27-74
28
29                <action android:name="android.intent.action.MAIN" />
29-->src\main\AndroidManifest.xml:20:17-68
29-->src\main\AndroidManifest.xml:20:25-66
30            </intent-filter>
31        </activity>
32        <activity
32-->src\main\AndroidManifest.xml:23:9-27:20
33            android:name="com.sendproperties.ws.Productos"
33-->src\main\AndroidManifest.xml:24:13-38
34            android:label="@string/title_activity_productos"
34-->src\main\AndroidManifest.xml:25:13-61
35            android:screenOrientation="portrait" >
35-->src\main\AndroidManifest.xml:26:13-49
36        </activity>
37        <activity
37-->src\main\AndroidManifest.xml:28:9-32:20
38            android:name="com.sendproperties.ws.InsertarProducto"
38-->src\main\AndroidManifest.xml:29:13-45
39            android:label="@string/title_activity_insertar_producto"
39-->src\main\AndroidManifest.xml:30:13-69
40            android:screenOrientation="portrait" >
40-->src\main\AndroidManifest.xml:31:13-49
41        </activity>
42        <activity
42-->src\main\AndroidManifest.xml:33:9-34:20
43            android:name="com.sendproperties.ws.ModificarProducto"
43-->src\main\AndroidManifest.xml:33:19-51
44            android:label="@string/title_modificar_producto" >
44-->src\main\AndroidManifest.xml:33:52-100
45        </activity>
46        <activity android:name="com.sendproperties.ws.Comercios" />
46-->src\main\AndroidManifest.xml:35:9-55
46-->src\main\AndroidManifest.xml:35:19-43
47    </application>
48
49</manifest>